
################### Begin Area Report (top)######################
Number of register bits => 2 of 7209 (0 % )
FD1S3AX => 2
GSR => 1
IB => 1
LUT4 => 2
OB => 10
PUR => 1
################### End Area Report ##################

################### Begin BlackBox Report ######################
PLL => 1
TSALL => 1
################### End BlackBox Report ##################

################### Begin Clock Report ######################
Clock Nets
Number of Clocks: 2
  Net : TX_c, loads : 3
  Net : XIn_c, loads : 0
Clock Enable Nets
Number of Clock Enables: 0
Top 0 highest fanout Clock Enables:
Highest fanout non-clock nets
Top 10 highest fanout non-clock nets:
  Net : ncoGen/phase_accum_62, loads : 2
  Net : ncoGen/TX_NCO_c_63, loads : 1
  Net : ncoGen/phase_accum_63_N_1_62, loads : 1
  Net : ncoGen/phase_accum_63_N_1_63, loads : 1
  Net : TX_NCO, loads : 0
  Net : TX, loads : 0
  Net : MYLED[1], loads : 0
  Net : MYLED[3], loads : 0
  Net : MYLED[7], loads : 0
  Net : MYLED[4], loads : 0
################### End Clock Report ##################
