{
"Synplify Pro (R) Job Log" : {
	"Date" : "22:19:06    28-Oct-2024",
	"Working Directory" : "C:/Users/alberto/Lattice/testNCO/impl1",
	"Install" : "C:/lscc/diamond/3.14/synpbase"
},
"impl1" :{
   "Job Flow" : "Sequential",
   "Start Time" : "22:18:44",
   "Runtime" : "22s",
   "Executable Run Time" : "19s",
   "synthesis" : {
      "Job Flow" : "Sequential",
      "Start Time" : "22:18:44",
      "Runtime" : "22s",
      "Executable Run Time" : "19s",
      "compile" : {
         "Job Flow" : "Sequential",
         "Start Time" : "22:18:44",
         "Runtime" : "13s",
         "Executable Run Time" : "12s",
         "compile_flow" : {
            "Job Flow" : "Sequential",
            "Start Time" : "22:18:44",
            "Runtime" : "08s",
            "Executable Run Time" : "07s",
            "compiler" : {
               "executable" : "bin64/c_hdl.exe",
               "Run Directory" : "C:/Users/alberto/Lattice/testNCO/impl1",
               "Run State" : "Complete",
               "Return Code" : "0",
               "Has Errors" : "no",
               "Run Start Time" : "22:18:44",
               "Run Time" : "08s",
               "Exe Run Time" : "07s",
               "Memory Usage" : "-",
               "Up-to-date (run skipped)" : "no"
            },
            "multi_srs_gen" : {
               "executable" : "bin64/syn_nfilter.exe",
               "Run Directory" : "C:/Users/alberto/Lattice/testNCO/impl1",
               "Run State" : "Complete",
               "Return Code" : "0",
               "Has Errors" : "no",
               "Run Start Time" : "22:18:52",
               "Run Time" : "00s",
               "Exe Run Time" : "00s",
               "Memory Usage" : "-",
               "Up-to-date (run skipped)" : "no"
            }
         },
         "premap" : {
            "executable" : "bin64/m_gen_lattice.exe",
            "Run Directory" : "C:/Users/alberto/Lattice/testNCO/impl1",
            "Run State" : "Complete",
            "Return Code" : "1",
            "Has Errors" : "no",
            "Run Start Time" : "22:18:52",
            "Run Time" : "05s",
            "Exe Run Time" : "05s",
            "Memory Usage" : "-",
            "Up-to-date (run skipped)" : "no"
         }
      },
      "map" : {
         "Job Flow" : "Sequential",
         "Start Time" : "22:18:58",
         "Runtime" : "08s",
         "Executable Run Time" : "07s",
         "fpga_mapper" : {
            "executable" : "bin64/m_gen_lattice.exe",
            "Run Directory" : "C:/Users/alberto/Lattice/testNCO/impl1",
            "Run State" : "Complete",
            "Return Code" : "1",
            "Has Errors" : "no",
            "Run Start Time" : "22:18:58",
            "Run Time" : "08s",
            "Exe Run Time" : "07s",
            "Memory Usage" : "-",
            "Up-to-date (run skipped)" : "no"
         }
      }
   }
}
}